Wed 08 Apr 2026 22:48:55 INFO  ['../RecBole/run_recbole.py', '--model', 'LightGCN', '--dataset', 'amazon-grocery', '--config_files', 'configs/LightGCN/amazon-grocery.yaml', '--data_path=/content/drive/MyDrive/Colab_Notebooks/CIKMv3/RecBole/dataset/', "--load_col={'inter': ['user_id', 'item_id', 'timestamp']}"]
Wed 08 Apr 2026 22:48:55 INFO  
General Hyper Parameters:
gpu_id = 0
use_gpu = True
seed = 2020
state = INFO
reproducibility = True
data_path = /content/drive/MyDrive/Colab_Notebooks/CIKMv3/RecBole/dataset/amazon-grocery
checkpoint_dir = saved
show_progress = True
save_dataset = True
dataset_save_path = saved_data/
save_dataloaders = True
dataloaders_save_path = saved_dataloader/
log_wandb = True

Training Hyper Parameters:
epochs = 200
train_batch_size = 4096
learner = adam
learning_rate = 0.001
train_neg_sample_args = {'distribution': 'uniform', 'sample_num': 1, 'alpha': 1.0, 'dynamic': False, 'candidate_num': 0}
eval_step = 10
stopping_step = 30
clip_grad_norm = None
weight_decay = 0.0
loss_decimal_place = 4

Evaluation Hyper Parameters:
eval_args = {'split': {'RS': [0.8, 0.1, 0.1]}, 'order': 'TO', 'group_by': 'user', 'mode': {'valid': 'full', 'test': 'full'}}
repeatable = False
metrics = ['Recall', 'MRR', 'NDCG', 'Hit', 'Precision']
topk = [10]
valid_metric = NDCG@10
valid_metric_bigger = True
eval_batch_size = 4096
metric_decimal_place = 4

Dataset Hyper Parameters:
field_separator = 	
seq_separator =  
USER_ID_FIELD = user_id
ITEM_ID_FIELD = item_id
RATING_FIELD = rating
TIME_FIELD = timestamp
seq_len = None
LABEL_FIELD = label
threshold = None
NEG_PREFIX = neg_
load_col = {'inter': ['user_id', 'item_id', 'timestamp']}
unload_col = None
unused_col = None
additional_feat_suffix = None
rm_dup_inter = None
val_interval = None
filter_inter_by_user_or_item = True
user_inter_num_interval = [0,inf)
item_inter_num_interval = [0,inf)
alias_of_user_id = None
alias_of_item_id = None
alias_of_entity_id = None
alias_of_relation_id = None
preload_weight = None
normalize_field = None
normalize_all = None
ITEM_LIST_LENGTH_FIELD = item_length
LIST_SUFFIX = _list
MAX_ITEM_LIST_LENGTH = 50
POSITION_FIELD = position_id
HEAD_ENTITY_ID_FIELD = head_id
TAIL_ENTITY_ID_FIELD = tail_id
RELATION_ID_FIELD = relation_id
ENTITY_ID_FIELD = entity_id
benchmark_filename = None

Other Hyper Parameters: 
worker = 0
wandb_project = recbole
shuffle = True
require_pow = False
enable_amp = False
enable_scaler = False
transform = None
embedding_size = 64
n_layers = 2
reg_weight = 0.0001
numerical_features = []
discretization = None
kg_reverse_r = False
entity_kg_num_interval = [0,inf)
relation_kg_num_interval = [0,inf)
MODEL_TYPE = ModelType.GENERAL
MODEL_INPUT_TYPE = InputType.PAIRWISE
eval_type = EvaluatorType.RANKING
single_spec = True
local_rank = 0
device = cuda
valid_neg_sample_args = {'distribution': 'uniform', 'sample_num': 'none'}
test_neg_sample_args = {'distribution': 'uniform', 'sample_num': 'none'}


Wed 08 Apr 2026 22:49:00 INFO  Saving filtered dataset into [saved/amazon-grocery-Dataset.pth]
Wed 08 Apr 2026 22:49:02 INFO  amazon-grocery
The number of users: 113593
Average actions of users: 8.854646453975633
The number of items: 39505
Average actions of items: 25.461143175374644
The number of inters: 1005817
The sparsity of the dataset: 99.97758620806647%
Remain Fields: ['user_id', 'item_id', 'timestamp']
Wed 08 Apr 2026 22:49:11 INFO  Saving split dataloaders into: [saved/amazon-grocery-for-LightGCN-dataloader.pth]
Wed 08 Apr 2026 22:49:51 INFO  [Training]: train_batch_size = [4096] train_neg_sample_args: [{'distribution': 'uniform', 'sample_num': 1, 'alpha': 1.0, 'dynamic': False, 'candidate_num': 0}]
Wed 08 Apr 2026 22:49:51 INFO  [Evaluation]: eval_batch_size = [4096] eval_args: [{'split': {'RS': [0.8, 0.1, 0.1]}, 'order': 'TO', 'group_by': 'user', 'mode': {'valid': 'full', 'test': 'full'}}]
Wed 08 Apr 2026 22:50:23 INFO  LightGCN(
  (user_embedding): Embedding(113593, 64)
  (item_embedding): Embedding(39505, 64)
  (mf_loss): BPRLoss()
  (reg_loss): EmbLoss()
)
Trainable parameters: 9798272
Wed 08 Apr 2026 22:50:24 INFO  FLOPs: 0.0
Wed 08 Apr 2026 22:53:05 INFO  epoch 0 training [time: 15.18s, train loss: 110.6125]
Wed 08 Apr 2026 22:53:20 INFO  epoch 1 training [time: 14.79s, train loss: 77.6032]
Wed 08 Apr 2026 22:53:35 INFO  epoch 2 training [time: 14.94s, train loss: 70.3992]
Wed 08 Apr 2026 22:53:50 INFO  epoch 3 training [time: 15.14s, train loss: 67.3078]
Wed 08 Apr 2026 22:54:05 INFO  epoch 4 training [time: 15.36s, train loss: 64.8084]
Wed 08 Apr 2026 22:54:21 INFO  epoch 5 training [time: 15.24s, train loss: 62.2222]
Wed 08 Apr 2026 22:54:36 INFO  epoch 6 training [time: 15.08s, train loss: 59.7937]
Wed 08 Apr 2026 22:54:51 INFO  epoch 7 training [time: 15.08s, train loss: 57.3051]
Wed 08 Apr 2026 22:55:06 INFO  epoch 8 training [time: 15.05s, train loss: 55.1568]
Wed 08 Apr 2026 22:55:21 INFO  epoch 9 training [time: 15.12s, train loss: 52.9974]
